{"name": "test_verify_error_message_with_empty_credentials", "status": "failed", "statusDetails": {"message": "AssertionError: The error message for empty credentials is incorrect.\nassert 'Incorrect email or password.' == 'Empty credentials.'\n  \n  - Empty credentials.\n  + Incorrect email or password.", "trace": "driver = <selenium.webdriver.chrome.webdriver.WebDriver (session=\"b2c1548b407b5f4d988a8c752ff3b923\")>\n\n    def test_verify_error_message_with_empty_credentials(driver):\n        # Verify error message when login attempt with empty credentials\n        login_page = LoginPage(driver)\n        # Attempt to login with empty email and password\n        login_page.login(TestData.EMPTY_EMAIL, TestData.EMPTY_PASSWORD)\n        # Assert the error message is displayed\n>       assert login_page.get_text(LoginPageLocators.LOGIN_ERROR_MSG) == \"Empty credentials.\", \"The error message for empty credentials is incorrect.\"\nE       AssertionError: The error message for empty credentials is incorrect.\nE       assert 'Incorrect email or password.' == 'Empty credentials.'\nE         \nE         - Empty credentials.\nE         + Incorrect email or password.\n\ntests\\test_login.py:23: AssertionError"}, "start": 1726248431726, "stop": 1726248436193, "uuid": "1ad0f568-1bc7-44c7-822a-db88cfaedb82", "historyId": "850ae1f2d96ce73af77f8d1334685fc0", "testCaseId": "850ae1f2d96ce73af77f8d1334685fc0", "fullName": "tests.test_login#test_verify_error_message_with_empty_credentials", "labels": [{"name": "parentSuite", "value": "tests"}, {"name": "suite", "value": "test_login"}, {"name": "host", "value": "Laptop-Diego"}, {"name": "thread", "value": "20112-MainThread"}, {"name": "framework", "value": "pytest"}, {"name": "language", "value": "cpython3"}, {"name": "package", "value": "tests.test_login"}]}